2025-08-20 14:59:31,132 - INFO - CLAMP 280/505 -> 206/206 bbox=(36, 85, 276, 101) text='280/505'
2025-08-20 14:59:31,172 - INFO - 206/206 (100.0%)
2025-08-20 14:59:35,673 - INFO - CLAMP 203/505 -> 203/206 bbox=(36, 85, 276, 101) text='203/505'
2025-08-20 14:59:35,704 - INFO - 206/206 (100.0%)
2025-08-20 14:59:39,913 - INFO - CLAMP 205/505 -> 205/206 bbox=(36, 85, 276, 101) text='205/505'
2025-08-20 14:59:39,936 - INFO - 206/206 (100.0%)
2025-08-20 14:59:40,909 - INFO - CLAMP 205/505 -> 205/206 bbox=(36, 85, 276, 101) text='205/505'
2025-08-20 14:59:40,937 - INFO - 206/206 (100.0%)
2025-08-20 14:59:42,240 - INFO - CLAMP 208/505 -> 206/206 bbox=(36, 85, 276, 101) text='208/505'
2025-08-20 14:59:42,287 - INFO - 206/206 (100.0%)
2025-08-20 14:59:43,361 - INFO - FAIL bbox=(36, 85, 276, 101) text='249505'
2025-08-20 14:59:44,535 - INFO - FAIL bbox=(36, 85, 276, 101) text='21505'
2025-08-20 14:59:50,769 - INFO - CLAMP 219/505 -> 206/206 bbox=(36, 85, 276, 101) text='219/505'
2025-08-20 14:59:50,802 - INFO - 206/206 (100.0%)
2025-08-20 14:59:51,927 - INFO - CLAMP 218/505 -> 206/206 bbox=(36, 85, 276, 101) text='218/505'
2025-08-20 14:59:51,953 - INFO - 206/206 (100.0%)
2025-08-20 15:00:21,966 - INFO - FAIL bbox=(36, 85, 276, 101) text='239505'
2025-08-20 15:00:24,444 - INFO - CLAMP 241/505 -> 206/206 bbox=(36, 85, 276, 101) text='241/505'
2025-08-20 15:00:24,485 - INFO - 206/206 (100.0%)
2025-08-20 15:00:28,832 - INFO - FAIL bbox=(36, 85, 276, 101) text='224505'
2025-08-20 15:00:29,599 - INFO - CLAMP 22/503 -> 22/206 bbox=(36, 85, 276, 101) text='22/503'
2025-08-20 15:00:29,599 - INFO - SMOOTH prev=206 keep; cand=22/206 text='22/503'
2025-08-20 15:00:29,635 - INFO - 206/206 (100.0%)
2025-08-20 15:00:30,086 - INFO - CLAMP 22/503 -> 22/206 bbox=(36, 85, 276, 101) text='22/503'
2025-08-20 15:00:30,119 - INFO - 206/206 (100.0%)
2025-08-20 15:00:30,555 - INFO - CLAMP 22/503 -> 22/206 bbox=(36, 85, 276, 101) text='22/503'
2025-08-20 15:00:30,555 - INFO - SMOOTH prev=206 keep; cand=22/206 text='22/503'
2025-08-20 15:00:30,585 - INFO - 206/206 (100.0%)
2025-08-20 15:00:31,077 - INFO - CLAMP 22/503 -> 22/206 bbox=(36, 85, 276, 101) text='22/503'
2025-08-20 15:00:31,105 - INFO - 206/206 (100.0%)
2025-08-20 15:00:31,594 - INFO - CLAMP 208/505 -> 206/206 bbox=(36, 85, 276, 101) text='208/505'
2025-08-20 15:00:31,618 - INFO - 206/206 (100.0%)
2025-08-20 15:00:32,078 - INFO - CLAMP 208/505 -> 206/206 bbox=(36, 85, 276, 101) text='208/505'
2025-08-20 15:00:32,101 - INFO - 206/206 (100.0%)
2025-08-20 15:00:32,604 - INFO - CLAMP 210/503 -> 206/206 bbox=(36, 85, 276, 101) text='210/503'
2025-08-20 15:00:32,636 - INFO - 206/206 (100.0%)
2025-08-20 15:00:33,121 - INFO - CLAMP 210/503 -> 206/206 bbox=(36, 85, 276, 101) text='210/503'
2025-08-20 15:00:33,154 - INFO - 206/206 (100.0%)
2025-08-20 15:00:37,481 - INFO - FAIL bbox=(36, 85, 276, 101) text='22505'
2025-08-20 15:00:39,416 - INFO - FAIL bbox=(36, 85, 276, 101) text='223503'
2025-08-20 15:00:41,308 - INFO - FAIL bbox=(36, 85, 276, 101) text='223503'
2025-08-20 15:00:43,084 - INFO - FAIL bbox=(36, 85, 276, 101) text='229503'
2025-08-20 15:00:44,990 - INFO - FAIL bbox=(36, 85, 276, 101) text='229503'
2025-08-20 15:00:46,796 - INFO - CLAMP 22/503 -> 22/206 bbox=(36, 85, 276, 101) text='22/503'
2025-08-20 15:00:46,796 - INFO - SMOOTH prev=206 keep; cand=22/206 text='22/503'
2025-08-20 15:00:46,819 - INFO - 206/206 (100.0%)
2025-08-20 15:00:48,621 - INFO - CLAMP 22/503 -> 22/206 bbox=(36, 85, 276, 101) text='22/503'
2025-08-20 15:00:48,652 - INFO - 206/206 (100.0%)
2025-08-20 15:01:40,469 - INFO - CLAMP 203/505 -> 203/206 bbox=(36, 85, 276, 101) text='203/505'
2025-08-20 15:01:40,500 - INFO - 206/206 (100.0%)
2025-08-20 15:01:42,823 - INFO - CLAMP 266/505 -> 206/206 bbox=(36, 85, 276, 101) text='266/505'
2025-08-20 15:01:42,850 - INFO - 206/206 (100.0%)
2025-08-20 15:01:44,572 - INFO - CLAMP 208/505 -> 206/206 bbox=(36, 85, 276, 101) text='208/505'
2025-08-20 15:01:44,599 - INFO - 206/206 (100.0%)
2025-08-20 15:01:46,353 - INFO - CLAMP 208/505 -> 206/206 bbox=(36, 85, 276, 101) text='208/505'
2025-08-20 15:01:46,384 - INFO - 206/206 (100.0%)
2025-08-20 15:01:48,191 - INFO - CLAMP 2/1503 -> 2/206 bbox=(36, 85, 276, 101) text='2/1503'
2025-08-20 15:01:48,191 - INFO - SMOOTH prev=206 keep; cand=2/206 text='2/1503'
2025-08-20 15:01:48,220 - INFO - 206/206 (100.0%)
2025-08-20 15:01:49,901 - INFO - CLAMP 2/1503 -> 2/206 bbox=(36, 85, 276, 101) text='2/1503'
2025-08-20 15:01:49,901 - INFO - SMOOTH plausibility prev=206 keep; cand=2/206 text='2/1503'
2025-08-20 15:01:49,933 - INFO - 206/206 (100.0%)
